<?xml version="1.0" encoding="UTF-8"?>
<!-- Generated by org.testng.reporters.JUnitReportReporter -->
<testsuite hostname="DESKTOP-RHAVO5R" failures="0" tests="1" name="com.raghib.cucumber.runner.CucumberRunner" time="0.205" errors="0" timestamp="2023-06-25T14:18:26 IST" skipped="0">
  <testcase classname="com.raghib.cucumber.runner.CucumberRunner" name="runScenario" time="0.205"/>
  <system-out/>
</testsuite> <!-- com.raghib.cucumber.runner.CucumberRunner -->
